~ # home/key_demo gpio
正在监控按键事件 (GPIO轮询（无消抖） 模式)
设备: /dev/imxaes_ke[   65.865833] key_open: device opened
y
按 Ctrl+C 退出
----------------------------------------
[000001] [830101563000 ns] 按键: 按下
[000002] [830252029000 ns] 按键: 释放
[000003] [830945189000 ns] 按键: 按下
[000004] [831193486000 ns] 按键: 释放
[000005] [831684800000 ns] 按键: 按下
[000006] [832027980000 ns] 按键: 释放
[000007] [832505140000 ns] 按键: 按下
[000008] [832897211000 ns] 按键: 释放
[000009] [833494241000 ns] 按键: 按下
[000010] [833717739000 ns] 按键: 释放
[000011] [834098115000 ns] 按键: 按下
[000012] [834250662000 ns] 按键: 释放
[000013] [834694503000 ns] 按键: 按下
[000014] [834882351000 ns] 按键: 释放
[000015] [835245839000 ns] 按键: 按下
[000016] [836477746000 ns] 按键: 释放
[000017] [836478088000 ns] 按键: 释放
[000018] [836478214000 ns] 按键: 释放
[000019] [837889397000 ns] 按键: 按下
[000020] [838676903000 ns] 按键: 释放
[000021] [839514856000 ns] 按键: 按下
[000022] [840103740000 ns] 按键: 释放
[000023] [840103871000 ns] 按键: 释放
[000024] [840104051000 ns] 按键: 按下
[000025] [840104108000 ns] 按键: 释放
[000026] [840104180000 ns] 按键: 释放
