~ # home/key_demo debounce
正在监控按键事件 (中断噠  34.750879] key_open: device opened
¶抖（20ms） 模式)
设备: /dev/imxaes_key_debounce
按 Ctrl+C 退出
----------------------------------------
[000001] [1011893639000 ns] 按键: 按下
[000002] [1012063432000 ns] 按键: 释放
[000003] [1012563404000 ns] 按键: 按下
[000004] [1012691287000 ns] 按键: 释放
[000005] [1013253539000 ns] 按键: 按下
[000006] [1013863432000 ns] 按键: 释放
[000007] [1014433555000 ns] 按键: 按下
[000008] [1014883433000 ns] 按键: 释放
[000009] [1015403547000 ns] 按键: 按下
[000010] [1015813431000 ns] 按键: 释放
[000011] [1016273421000 ns] 按键: 按下
[000012] [1016653439000 ns] 按键: 释放
[000013] [1017173540000 ns] 按键: 按下
[000014] [1017563493000 ns] 按键: 释放
[000015] [1018073555000 ns] 按键: 按下
[000016] [1018413403000 ns] 按键: 释放
[000017] [1018983552000 ns] 按键: 按下
[000018] [1019343424000 ns] 按键: 释放
[000019] [1019813414000 ns] 按键: 按下
[000020] [1020253415000 ns] 按键: 释放
[000021] [1020713503000 ns] 按键: 按下
[000022] [1021073416000 ns] 按键: 释放
[000023] [1021553504000 ns] 按键: 按下
[000024] [1021823431000 ns] 按键: 释放
[000025] [1022343557000 ns] 按键: 按下
[000026] [1022573416000 ns] 按键: 释放
